The number of partitions on the set A is 52

Their corresponding equivalence relations are: 
{a1, a2, a3, a4, a5} -> A x A
{ {a1, a2, a3, a4}, {a5} } -> dA U { (a1, a2), (a1, a3), (a1, a4), (a2, a1), (a2, a3), (a2, a4), (a3, a1), (a3, a2), (a3, a4), (a4, a1), (a4, a2), (a4, a3) }
{ {a1, a2, a3, a5}, {a4} } -> dA U { (a1, a2), (a1, a3), (a1, a5), (a2, a1), (a2, a3), (a2, a5), (a3, a1), (a3, a2), (a3, a5), (a5, a1), (a5, a2), (a5, a3) }
{ {a1, a2, a3}, {a4, a5} } -> dA U { (a1, a2), (a1, a3), (a2, a1), (a2, a3), (a3, a1), (a3, a2), (a4, a5), (a5, a4) }
{ {a1, a2, a3}, {a4}, {a5} } -> dA U { (a1, a2), (a1, a3), (a2, a1), (a2, a3), (a3, a1), (a3, a2) }
{ {a1, a2, a4, a5}, {a3} } -> dA U { (a1, a2), (a1, a4), (a1, a5), (a2, a1), (a2, a4), (a2, a5), (a4, a1), (a4, a2), (a4, a5), (a5, a1), (a5, a2), (a5, a4) }
{ {a1, a2, a4}, {a3, a5} } -> dA U { (a1, a2), (a1, a4), (a2, a1), (a2, a4), (a4, a1), (a4, a2), (a3, a5), (a5, a3) }
{ {a1, a2, a4}, {a3}, {a5} } -> dA U { (a1, a2), (a1, a4), (a2, a1), (a2, a4), (a4, a1), (a4, a2) }
{ {a1, a2, a5}, {a3, a4} } -> dA U { (a1, a2), (a1, a5), (a2, a1), (a2, a5), (a5, a1), (a5, a2), (a3, a4), (a4, a3) }
{ {a1, a2}, {a3, a4, a5} } -> dA U { (a1, a2), (a2, a1), (a3, a4), (a3, a5), (a4, a3), (a4, a5), (a5, a3), (a5, a4) }
{ {a1, a2}, {a3, a4}, {a5} } -> dA U { (a1, a2), (a2, a1), (a3, a4), (a4, a3) }
{ {a1, a2, a5}, {a3}, {a4} } -> dA U { (a1, a2), (a1, a5), (a2, a1), (a2, a5), (a5, a1), (a5, a2) }
{ {a1, a2}, {a3, a5}, {a4} } -> dA U { (a1, a2), (a2, a1), (a3, a5), (a5, a3) }
{ {a1, a2}, {a3}, {a4, a5} } -> dA U { (a1, a2), (a2, a1), (a4, a5), (a5, a4) }
{ {a1, a2}, {a3}, {a4}, {a5} } -> dA U { (a1, a2), (a2, a1) }
{ {a1, a3, a4, a5}, {a2} } -> dA U { (a1, a3), (a1, a4), (a1, a5), (a3, a1), (a3, a4), (a3, a5), (a4, a1), (a4, a3), (a4, a5), (a5, a1), (a5, a3), (a5, a4) }
{ {a1, a3, a4}, {a2, a5} } -> dA U { (a1, a3), (a1, a4), (a3, a1), (a3, a4), (a4, a1), (a4, a3), (a2, a5), (a5, a2) }
{ {a1, a3, a4}, {a2}, {a5} } -> dA U { (a1, a3), (a1, a4), (a3, a1), (a3, a4), (a4, a1), (a4, a3) }
{ {a1, a3, a5}, {a2, a4} } -> dA U { (a1, a3), (a1, a5), (a3, a1), (a3, a5), (a5, a1), (a5, a3), (a2, a4), (a4, a2) }
{ {a1, a3}, {a2, a4, a5} } -> dA U { (a1, a3), (a3, a1), (a2, a4), (a2, a5), (a4, a2), (a4, a5), (a5, a2), (a5, a4) }
{ {a1, a3}, {a2, a4}, {a5} } -> dA U { (a1, a3), (a3, a1), (a2, a4), (a4, a2) }
{ {a1, a3, a5}, {a2}, {a4} } -> dA U { (a1, a3), (a1, a5), (a3, a1), (a3, a5), (a5, a1), (a5, a3) }
{ {a1, a3}, {a2, a5}, {a4} } -> dA U { (a1, a3), (a3, a1), (a2, a5), (a5, a2) }
{ {a1, a3}, {a2}, {a4, a5} } -> dA U { (a1, a3), (a3, a1), (a4, a5), (a5, a4) }
{ {a1, a3}, {a2}, {a4}, {a5} } -> dA U { (a1, a3), (a3, a1) }
{ {a1, a4, a5}, {a2, a3} } -> dA U { (a1, a4), (a1, a5), (a4, a1), (a4, a5), (a5, a1), (a5, a4), (a2, a3), (a3, a2) }
{ {a1, a4}, {a2, a3, a5} } -> dA U { (a1, a4), (a4, a1), (a2, a3), (a2, a5), (a3, a2), (a3, a5), (a5, a2), (a5, a3) }
{ {a1, a4}, {a2, a3}, {a5} } -> dA U { (a1, a4), (a4, a1), (a2, a3), (a3, a2) }
{ {a1, a5}, {a2, a3, a4} } -> dA U { (a1, a5), (a5, a1), (a2, a3), (a2, a4), (a3, a2), (a3, a4), (a4, a2), (a4, a3) }
{ {a1}, {a2, a3, a4, a5} } -> dA U { (a2, a3), (a2, a4), (a2, a5), (a3, a2), (a3, a4), (a3, a5), (a4, a2), (a4, a3), (a4, a5), (a5, a2), (a5, a3), (a5, a4) }
{ {a1}, {a2, a3, a4}, {a5} } -> dA U { (a2, a3), (a2, a4), (a3, a2), (a3, a4), (a4, a2), (a4, a3) }
{ {a1, a5}, {a2, a3}, {a4} } -> dA U { (a1, a5), (a5, a1), (a2, a3), (a3, a2) }
{ {a1}, {a2, a3, a5}, {a4} } -> dA U { (a2, a3), (a2, a5), (a3, a2), (a3, a5), (a5, a2), (a5, a3) }
{ {a1}, {a2, a3}, {a4, a5} } -> dA U { (a2, a3), (a3, a2), (a4, a5), (a5, a4) }
{ {a1}, {a2, a3}, {a4}, {a5} } -> dA U { (a2, a3), (a3, a2) }
{ {a1, a4, a5}, {a2}, {a3} } -> dA U { (a1, a4), (a1, a5), (a4, a1), (a4, a5), (a5, a1), (a5, a4) }
{ {a1, a4}, {a2, a5}, {a3} } -> dA U { (a1, a4), (a4, a1), (a2, a5), (a5, a2) }
{ {a1, a4}, {a2}, {a3, a5} } -> dA U { (a1, a4), (a4, a1), (a3, a5), (a5, a3) }
{ {a1, a4}, {a2}, {a3}, {a5} } -> dA U { (a1, a4), (a4, a1) }
{ {a1, a5}, {a2, a4}, {a3} } -> dA U { (a1, a5), (a5, a1), (a2, a4), (a4, a2) }
{ {a1}, {a2, a4, a5}, {a3} } -> dA U { (a2, a4), (a2, a5), (a4, a2), (a4, a5), (a5, a2), (a5, a4) }
{ {a1}, {a2, a4}, {a3, a5} } -> dA U { (a2, a4), (a4, a2), (a3, a5), (a5, a3) }
{ {a1}, {a2, a4}, {a3}, {a5} } -> dA U { (a2, a4), (a4, a2) }
{ {a1, a5}, {a2}, {a3, a4} } -> dA U { (a1, a5), (a5, a1), (a3, a4), (a4, a3) }
{ {a1}, {a2, a5}, {a3, a4} } -> dA U { (a2, a5), (a5, a2), (a3, a4), (a4, a3) }
{ {a1}, {a2}, {a3, a4, a5} } -> dA U { (a3, a4), (a3, a5), (a4, a3), (a4, a5), (a5, a3), (a5, a4) }
{ {a1}, {a2}, {a3, a4}, {a5} } -> dA U { (a3, a4), (a4, a3) }
{ {a1, a5}, {a2}, {a3}, {a4} } -> dA U { (a1, a5), (a5, a1) }
{ {a1}, {a2, a5}, {a3}, {a4} } -> dA U { (a2, a5), (a5, a2) }
{ {a1}, {a2}, {a3, a5}, {a4} } -> dA U { (a3, a5), (a5, a3) }
{ {a1}, {a2}, {a3}, {a4, a5} } -> dA U { (a4, a5), (a5, a4) }
{ {a1}, {a2}, {a3}, {a4}, {a5} } -> dA
