     1                                  bits 32
     2                                  
     3                                  global start
     4                                  
     5                                  extern exit, fopen, fprintf, fclose, printf, scanf
     6                                  import exit msvcrt.dll
     7                                  import fopen msvcrt.dll
     8                                  import fprintf msvcrt.dll
     9                                  import fclose msvcrt.dll
    10                                  import exit msvcrt.dll    
    11                                  import printf msvcrt.dll    ; tell the assembler that function printf is found in msvcrt.dll library
    12                                  import scanf msvcrt.dll     ; similar for scanf
    13                                  
    14                                  
    15                                  segment data use32 class=data
    16 00000000 FFFFFFFF                    file_descriptor dd -1
    17 00000004 32382E74787400              file_name db "28.txt", 0
    18 0000000B 7700                        access_mode db "w", 0
    19 0000000D <res 00000064>              text resb 100
    20 00000071 257300                      string db "%s", 0
    21 00000074 25730A00                    newline db "%s", 10, 0
    22                                      
    23                                  segment code use32 class=code
    24                                  start:
    25 00000000 68[0B000000]                push dword access_mode
    26 00000005 68[04000000]                push dword file_name
    27 0000000A FF15[00000000]              call [fopen]
    28 00000010 83C408                      add esp, 4 * 2
    29                                      
    30 00000013 83F800                      cmp eax, 0
    31 00000016 745F                        je final
    32                                      
    33 00000018 A3[00000000]                mov [file_descriptor], eax
    34                                      
    35                                  read:
    36 0000001D 68[0D000000]                push dword text
    37 00000022 68[71000000]                push dword string
    38 00000027 FF15[00000000]              call [scanf]
    39 0000002D 83C408                      add esp, 4 * 2
    40                                      
    41 00000030 A0[0D000000]                mov al, [text]
    42 00000035 B324                        mov bl, '$'
    43 00000037 38D8                        cmp al, bl
    44 00000039 742D                        jz close
    45                                      
    46 0000003B BE[0D000000]                mov esi, text 
    47                                      check: 
    48 00000040 AC                              lodsb
    49 00000041 3C00                            cmp al, 0
    50 00000043 74D8                            je read
    51 00000045 3C61                            cmp al, 'a'
    52 00000047 72F7                            jb check 
    53 00000049 3C7A                            cmp al, 'z'
    54 0000004B 77F3                            ja check
    55                                          
    56 0000004D 68[0D000000]                    push dword text
    57 00000052 68[74000000]                    push dword newline
    58 00000057 FF35[00000000]                  push dword [file_descriptor]
    59 0000005D FF15[00000000]                  call [fprintf]
    60 00000063 83C40C                          add esp, 4 * 3
    61 00000066 EBB5                            jmp read
    62                                          
    63                                  
    64                                  close:
    65 00000068 FF35[00000000]              push dword [file_descriptor]
    66 0000006E FF15[00000000]              call [fclose]
    67 00000074 83C404                      add esp, 4
    68                                      
    69                                  final:
    70 00000077 6A00                        push    dword 0    
    71 00000079 FF15[00000000]              call    [exit]     
    72                                      
