     1                                  bits 32
     2                                  
     3                                  global start
     4                                  
     5                                  extern exit, fopen, fprintf, fclose, printf, scanf
     6                                  import exit msvcrt.dll
     7                                  import fopen msvcrt.dll
     8                                  import fprintf msvcrt.dll
     9                                  import fclose msvcrt.dll
    10                                  import exit msvcrt.dll    
    11                                  import printf msvcrt.dll    ; tell the assembler that function printf is found in msvcrt.dll library
    12                                  import scanf msvcrt.dll     ; similar for scanf
    13                                  
    14                                  
    15                                  segment data use32 class=data
    16 00000000 FFFFFFFF                    file_descriptor dd -1
    17 00000004 33302E74787400              file_name db "30.txt", 0
    18 0000000B 7700                        acces_mode db "w", 0
    19 0000000D 25730A00                    string db "%s",10, 0
    20 00000011 257300                      format db "%s", 0
    21 00000014 00                          text db 0
    22                                      
    23                                  segment code use32 class=code
    24                                  start:
    25 00000000 68[0B000000]               push dword acces_mode
    26 00000005 68[04000000]               push dword file_name
    27 0000000A FF15[00000000]             call [fopen]
    28 00000010 83C408                     add esp, 4 * 2
    29                                     
    30 00000013 83F800                     cmp eax, 0
    31 00000016 7462                       je final
    32                                     
    33 00000018 A3[00000000]               mov [file_descriptor], eax
    34                                     
    35                                  read:
    36 0000001D 68[14000000]                push dword text
    37 00000022 68[11000000]                push dword format
    38 00000027 FF15[00000000]              call [scanf]
    39 0000002D 83C408                      add esp, 4 * 2
    40                                      
    41 00000030 83F800                      cmp eax, 0
    42 00000033 7436                        je close
    43                                      
    44 00000035 A0[14000000]                mov al, [text]
    45 0000003A 3C24                        cmp al, '$'
    46 0000003C 742D                        je close
    47                                      
    48 0000003E BE[14000000]                mov esi, text
    49                                      
    50                                      check:
    51 00000043 AC                              lodsb 
    52 00000044 3C00                            cmp al, 0
    53 00000046 74D5                            je read 
    54 00000048 3C30                            cmp al, '0'
    55 0000004A 72F7                            jb check
    56 0000004C 3C39                            cmp al, '9'
    57 0000004E 77F3                            ja check 
    58                                          
    59 00000050 68[14000000]                    push dword text
    60 00000055 68[0D000000]                    push dword string
    61 0000005A FF35[00000000]                  push dword [file_descriptor]
    62 00000060 FF15[00000000]                  call [fprintf]
    63 00000066 83C40C                          add esp, 4 * 3
    64                                      
    65 00000069 EBB2                        jmp read
    66                                     
    67                                    
    68                                  close:
    69 0000006B FF35[00000000]              push dword [file_descriptor]
    70 00000071 FF15[00000000]              call [fclose]
    71 00000077 83C404                      add esp, 4
    72                                      
    73                                  final:
    74 0000007A 6A00                        push    dword 0    
    75 0000007C FF15[00000000]              call    [exit]     
    76                                      
